\BOOKMARK [0][-]{chapter*.2}{\376\377\000A\000b\000s\000t\000r\000a\000c\000t}{}% 1
\BOOKMARK [0][-]{chapter*.4}{\376\377\000A\000b\000s\000t\000r\000a\000c\000t\000\040\000i\000n\000\040\000l\000i\000n\000g\000u\000a\000\040\000i\000t\000a\000l\000i\000a\000n\000a}{}% 2
\BOOKMARK [0][-]{chapter*.6}{\376\377\000C\000o\000n\000t\000e\000n\000t\000s}{}% 3
\BOOKMARK [0][-]{chapter*.8}{\376\377\000I\000n\000t\000r\000o\000d\000u\000c\000t\000i\000o\000n}{}% 4
\BOOKMARK [0][-]{chapter.1}{\376\377\000C\000h\000a\000p\000t\000e\000r\000\040\000o\000n\000e}{}% 5
\BOOKMARK [1][-]{section.1.1}{\376\377\000S\000e\000c\000t\000i\000o\000n\000s\000\040\000a\000n\000d\000\040\000s\000u\000b\000s\000e\000c\000t\000i\000o\000n\000s}{chapter.1}% 6
\BOOKMARK [1][-]{section.1.2}{\376\377\000E\000q\000u\000a\000t\000i\000o\000n\000s}{chapter.1}% 7
\BOOKMARK [1][-]{section.1.3}{\376\377\000F\000i\000g\000u\000r\000e\000s\000,\000\040\000T\000a\000b\000l\000e\000s\000\040\000a\000n\000d\000\040\000A\000l\000g\000o\000r\000i\000t\000h\000m\000s}{chapter.1}% 8
\BOOKMARK [2][-]{subsection.1.3.1}{\376\377\000F\000i\000g\000u\000r\000e\000s}{section.1.3}% 9
\BOOKMARK [2][-]{subsection.1.3.2}{\376\377\000T\000a\000b\000l\000e\000s}{section.1.3}% 10
\BOOKMARK [2][-]{subsection.1.3.3}{\376\377\000A\000l\000g\000o\000r\000i\000t\000h\000m\000s}{section.1.3}% 11
\BOOKMARK [1][-]{section.1.4}{\376\377\000T\000h\000e\000o\000r\000e\000m\000s\000,\000\040\000p\000r\000o\000p\000o\000s\000i\000t\000i\000o\000n\000s\000\040\000a\000n\000d\000\040\000l\000i\000s\000t\000s}{chapter.1}% 12
\BOOKMARK [2][-]{subsection.1.4.1}{\376\377\000T\000h\000e\000o\000r\000e\000m\000s}{section.1.4}% 13
\BOOKMARK [2][-]{subsection.1.4.2}{\376\377\000P\000r\000o\000p\000o\000s\000i\000t\000i\000o\000n\000s}{section.1.4}% 14
\BOOKMARK [2][-]{subsection.1.4.3}{\376\377\000L\000i\000s\000t\000s}{section.1.4}% 15
\BOOKMARK [1][-]{section.1.5}{\376\377\000U\000s\000e\000\040\000o\000f\000\040\000c\000o\000p\000y\000r\000i\000g\000h\000t\000e\000d\000\040\000m\000a\000t\000e\000r\000i\000a\000l}{chapter.1}% 16
\BOOKMARK [1][-]{section.1.6}{\376\377\000P\000l\000a\000g\000i\000a\000r\000i\000s\000m}{chapter.1}% 17
\BOOKMARK [1][-]{section.1.7}{\376\377\000B\000i\000b\000l\000i\000o\000g\000r\000a\000p\000h\000y\000\040\000a\000n\000d\000\040\000c\000i\000t\000a\000t\000i\000o\000n\000s}{chapter.1}% 18
\BOOKMARK [0][-]{chapter.2}{\376\377\000C\000o\000n\000c\000l\000u\000s\000i\000o\000n\000s\000\040\000a\000n\000d\000\040\000f\000u\000t\000u\000r\000e\000\040\000d\000e\000v\000e\000l\000o\000p\000m\000e\000n\000t\000s}{}% 19
\BOOKMARK [0][-]{appendix.A}{\376\377\000A\000p\000p\000e\000n\000d\000i\000x\000\040\000A}{}% 20
\BOOKMARK [0][-]{appendix.B}{\376\377\000A\000p\000p\000e\000n\000d\000i\000x\000\040\000B}{}% 21
\BOOKMARK [0][-]{appendix*.22}{\376\377\000L\000i\000s\000t\000\040\000o\000f\000\040\000F\000i\000g\000u\000r\000e\000s}{}% 22
\BOOKMARK [0][-]{appendix*.24}{\376\377\000L\000i\000s\000t\000\040\000o\000f\000\040\000T\000a\000b\000l\000e\000s}{}% 23
\BOOKMARK [0][-]{appendix*.26}{\376\377\000L\000i\000s\000t\000\040\000o\000f\000\040\000S\000y\000m\000b\000o\000l\000s}{}% 24
\BOOKMARK [0][-]{appendix*.29}{\376\377\000A\000c\000k\000n\000o\000w\000l\000e\000d\000g\000e\000m\000e\000n\000t\000s}{}% 25
