This is pdfTeX, Version 3.141592653-2.6-1.40.25 (TeX Live 2023) (preloaded format=pdflatex 2023.10.27)  2 NOV 2023 16:15
entering extended mode
 restricted \write18 enabled.
 file:line:error style messages enabled.
 %&-line parsing enabled.
**"/Users/matteoventurelli/Documents/VS Code/MasterThesis/Thesis/Thesis"
(/Users/matteoventurelli/Documents/VS Code/MasterThesis/Thesis/Thesis.tex
LaTeX2e <2022-11-01> patch level 1
L3 programming layer <2023-02-22> (./Configuration_Files/PoliMi3i_thesis.cls
Document Class: Configuration_Files/PoliMi3i_thesis 2021/6/30 PoliMi3i thesis submission class
(/usr/local/texlive/2023/texmf-dist/tex/latex/base/book.cls
Document Class: book 2022/07/02 v1.4n Standard LaTeX document class
(/usr/local/texlive/2023/texmf-dist/tex/latex/base/bk12.clo
File: bk12.clo 2022/07/02 v1.4n Standard LaTeX file (size option)
)
\c@part=\count185
\c@chapter=\count186
\c@section=\count187
\c@subsection=\count188
\c@subsubsection=\count189
\c@paragraph=\count190
\c@subparagraph=\count191
\c@figure=\count192
\c@table=\count193
\abovecaptionskip=\skip48
\belowcaptionskip=\skip49
\bibindent=\dimen140
) (/usr/local/texlive/2023/texmf-dist/tex/latex/geometry/geometry.sty
Package: geometry 2020/01/02 v5.9 Page Geometry
 (/usr/local/texlive/2023/texmf-dist/tex/latex/graphics/keyval.sty
Package: keyval 2022/05/29 v1.15 key=value parser (DPC)
\KV@toks@=\toks16
) (/usr/local/texlive/2023/texmf-dist/tex/generic/iftex/ifvtex.sty
Package: ifvtex 2019/10/25 v1.7 ifvtex legacy package. Use iftex instead.
 (/usr/local/texlive/2023/texmf-dist/tex/generic/iftex/iftex.sty
Package: iftex 2022/02/03 v1.0f TeX engine tests
))
\Gm@cnth=\count194
\Gm@cntv=\count195
\c@Gm@tempcnt=\count196
\Gm@bindingoffset=\dimen141
\Gm@wd@mp=\dimen142
\Gm@odd@mp=\dimen143
\Gm@even@mp=\dimen144
\Gm@layoutwidth=\dimen145
\Gm@layoutheight=\dimen146
\Gm@layouthoffset=\dimen147
\Gm@layoutvoffset=\dimen148
\Gm@dimlist=\toks17
) (/usr/local/texlive/2023/texmf-dist/tex/latex/caption/caption.sty
Package: caption 2023/03/12 v3.6j Customizing captions (AR)
 (/usr/local/texlive/2023/texmf-dist/tex/latex/caption/caption3.sty
Package: caption3 2023/03/12 v2.4 caption3 kernel (AR)
\caption@tempdima=\dimen149
\captionmargin=\dimen150
\caption@leftmargin=\dimen151
\caption@rightmargin=\dimen152
\caption@width=\dimen153
\caption@indent=\dimen154
\caption@parindent=\dimen155
\caption@hangindent=\dimen156
Package caption Info: Standard document class detected.
)
\c@caption@flags=\count197
\c@continuedfloat=\count198
) (/usr/local/texlive/2023/texmf-dist/tex/latex/xkeyval/xkeyval.sty
Package: xkeyval 2022/06/16 v2.9 package option processing (HA)
 (/usr/local/texlive/2023/texmf-dist/tex/generic/xkeyval/xkeyval.tex (/usr/local/texlive/2023/texmf-dist/tex/generic/xkeyval/xkvutils.tex
\XKV@toks=\toks18
\XKV@tempa@toks=\toks19
)
\XKV@depth=\count199
File: xkeyval.tex 2014/12/03 v2.7a key=value parser (HA)
))) (/usr/local/texlive/2023/texmf-dist/tex/latex/parskip/parskip.sty
Package: parskip 2021-03-14 v2.0h non-zero parskip adjustments
 (/usr/local/texlive/2023/texmf-dist/tex/latex/kvoptions/kvoptions.sty
Package: kvoptions 2022-06-15 v3.15 Key value format for package options (HO)
 (/usr/local/texlive/2023/texmf-dist/tex/generic/ltxcmds/ltxcmds.sty
Package: ltxcmds 2020-05-10 v1.25 LaTeX kernel commands for general use (HO)
) (/usr/local/texlive/2023/texmf-dist/tex/latex/kvsetkeys/kvsetkeys.sty
Package: kvsetkeys 2022-10-05 v1.19 Key value parser (HO)
)) (/usr/local/texlive/2023/texmf-dist/tex/latex/etoolbox/etoolbox.sty
Package: etoolbox 2020/10/05 v2.5k e-TeX tools for LaTeX (JAW)
\etb@tempcnta=\count266
)) (/usr/local/texlive/2023/texmf-dist/tex/latex/setspace/setspace.sty
Package: setspace 2022/12/04 v6.7b set line spacing
) (/usr/local/texlive/2023/texmf-dist/tex/latex/emptypage/emptypage.sty
Package: emptypage 2010/05/30 v1.2 Suppress page numbers and headings on empty pages
) (/usr/local/texlive/2023/texmf-dist/tex/latex/tools/multicol.sty
Package: multicol 2021/11/30 v1.9d multicolumn formatting (FMi)
\c@tracingmulticols=\count267
\mult@box=\box51
\multicol@leftmargin=\dimen157
\c@unbalance=\count268
\c@collectmore=\count269
\doublecol@number=\count270
\multicoltolerance=\count271
\multicolpretolerance=\count272
\full@width=\dimen158
\page@free=\dimen159
\premulticols=\dimen160
\postmulticols=\dimen161
\multicolsep=\skip50
\multicolbaselineskip=\skip51
\partial@page=\box52
\last@line=\box53
\maxbalancingoverflow=\dimen162
\mult@rightbox=\box54
\mult@grightbox=\box55
\mult@firstbox=\box56
\mult@gfirstbox=\box57
\@tempa=\box58
\@tempa=\box59
\@tempa=\box60
\@tempa=\box61
\@tempa=\box62
\@tempa=\box63
\@tempa=\box64
\@tempa=\box65
\@tempa=\box66
\@tempa=\box67
\@tempa=\box68
\@tempa=\box69
\@tempa=\box70
\@tempa=\box71
\@tempa=\box72
\@tempa=\box73
\@tempa=\box74
\@tempa=\box75
\@tempa=\box76
\@tempa=\box77
\@tempa=\box78
\@tempa=\box79
\@tempa=\box80
\@tempa=\box81
\@tempa=\box82
\@tempa=\box83
\@tempa=\box84
\@tempa=\box85
\@tempa=\box86
\@tempa=\box87
\@tempa=\box88
\@tempa=\box89
\@tempa=\box90
\@tempa=\box91
\@tempa=\box92
\@tempa=\box93
\c@minrows=\count273
\c@columnbadness=\count274
\c@finalcolumnbadness=\count275
\last@try=\dimen163
\multicolovershoot=\dimen164
\multicolundershoot=\dimen165
\mult@nat@firstbox=\box94
\colbreak@box=\box95
\mc@col@check@num=\count276
) (/usr/local/texlive/2023/texmf-dist/tex/latex/titlesec/titlesec.sty
Package: titlesec 2021/07/05 v2.14 Sectioning titles
\ttl@box=\box96
\beforetitleunit=\skip52
\aftertitleunit=\skip53
\ttl@plus=\dimen166
\ttl@minus=\dimen167
\ttl@toksa=\toks20
\titlewidth=\dimen168
\titlewidthlast=\dimen169
\titlewidthfirst=\dimen170
) (/usr/local/texlive/2023/texmf-dist/tex/latex/graphics/color.sty
Package: color 2022/01/06 v1.3d Standard LaTeX Color (DPC)
 (/usr/local/texlive/2023/texmf-dist/tex/latex/graphics-cfg/color.cfg
File: color.cfg 2016/01/02 v1.6 sample color configuration
)
Package color Info: Driver file: pdftex.def on input line 149.
 (/usr/local/texlive/2023/texmf-dist/tex/latex/graphics-def/pdftex.def
File: pdftex.def 2022/09/22 v1.2b Graphics/color driver for pdftex
) (/usr/local/texlive/2023/texmf-dist/tex/latex/graphics/mathcolor.ltx)) (/usr/local/texlive/2023/texmf-dist/tex/generic/babel/babel.sty
Package: babel 2023/02/13 3.86 The Babel package
\babel@savecnt=\count277
\U@D=\dimen171
\l@unhyphenated=\language87
 (/usr/local/texlive/2023/texmf-dist/tex/generic/babel/txtbabel.def)
\bbl@readstream=\read2
\bbl@dirlevel=\count278
 (/usr/local/texlive/2023/texmf-dist/tex/generic/babel-english/english.ldf
Language: english 2017/06/06 v3.3r English support from the babel system
Package babel Info: Hyphen rules for 'canadian' set to \l@english
(babel)             (\language0). Reported on input line 102.
Package babel Info: Hyphen rules for 'australian' set to \l@ukenglish
(babel)             (\language21). Reported on input line 105.
Package babel Info: Hyphen rules for 'newzealand' set to \l@ukenglish
(babel)             (\language21). Reported on input line 108.
)) (/usr/local/texlive/2023/texmf-dist/tex/generic/babel/locale/en/babel-english.tex
Package babel Info: Importing font and identification data for english
(babel)             from babel-en.ini. Reported on input line 11.
) (/usr/local/texlive/2023/texmf-dist/tex/latex/base/inputenc.sty
Package: inputenc 2021/02/14 v1.3d Input encoding file
\inpenc@prehook=\toks21
\inpenc@posthook=\toks22
) (/usr/local/texlive/2023/texmf-dist/tex/latex/base/fontenc.sty
Package: fontenc 2021/04/29 v2.0v Standard LaTeX package
) (/usr/local/texlive/2023/texmf-dist/tex/latex/moresize/moresize.sty
Package: moresize 1999/07/26 v1.9 (more font sizes)
) (/usr/local/texlive/2023/texmf-dist/tex/latex/graphics/graphicx.sty
Package: graphicx 2021/09/16 v1.2d Enhanced LaTeX Graphics (DPC,SPQR)
 (/usr/local/texlive/2023/texmf-dist/tex/latex/graphics/graphics.sty
Package: graphics 2022/03/10 v1.4e Standard LaTeX Graphics (DPC,SPQR)
 (/usr/local/texlive/2023/texmf-dist/tex/latex/graphics/trig.sty
Package: trig 2021/08/11 v1.11 sin cos tan (DPC)
) (/usr/local/texlive/2023/texmf-dist/tex/latex/graphics-cfg/graphics.cfg
File: graphics.cfg 2016/06/04 v1.11 sample graphics configuration
)
Package graphics Info: Driver file: pdftex.def on input line 107.
)
\Gin@req@height=\dimen172
\Gin@req@width=\dimen173
) (/usr/local/texlive/2023/texmf-dist/tex/latex/transparent/transparent.sty
Package: transparent 2022-10-27 v1.5 Transparency with color stacks
 (/usr/local/texlive/2023/texmf-dist/tex/latex/transparent/transparent-nometadata.sty
Package: transparent-nometadata 2022-10-27 v1.5 Transparency via pdfTeX's color stack (HO)
 (/usr/local/texlive/2023/texmf-dist/tex/latex/auxhook/auxhook.sty
Package: auxhook 2019-12-17 v1.6 Hooks for auxiliary files (HO)
))) (/usr/local/texlive/2023/texmf-dist/tex/latex/eso-pic/eso-pic.sty
Package: eso-pic 2020/10/14 v3.0a eso-pic (RN)
\ESO@tempdima=\dimen174
\ESO@tempdimb=\dimen175
) (/usr/local/texlive/2023/texmf-dist/tex/latex/subfig/subfig.sty
Package: subfig 2005/06/28 ver: 1.3 subfig package
\c@KVtest=\count279
\sf@farskip=\skip54
\sf@captopadj=\dimen176
\sf@capskip=\skip55
\sf@nearskip=\skip56
\c@subfigure=\count280
\c@subfigure@save=\count281
\c@lofdepth=\count282
\c@subtable=\count283
\c@subtable@save=\count284
\c@lotdepth=\count285
\sf@top=\skip57
\sf@bottom=\skip58
) (/usr/local/texlive/2023/texmf-dist/tex/latex/pgf/frontendlayer/tikz.sty (/usr/local/texlive/2023/texmf-dist/tex/latex/pgf/basiclayer/pgf.sty (/usr/local/texlive/2023/texmf-dist/tex/latex/pgf/utilities/pgfrcs.sty (/usr/local/texlive/2023/texmf-dist/tex/generic/pgf/utilities/pgfutil-common.tex
\pgfutil@everybye=\toks23
\pgfutil@tempdima=\dimen177
\pgfutil@tempdimb=\dimen178
) (/usr/local/texlive/2023/texmf-dist/tex/generic/pgf/utilities/pgfutil-latex.def
\pgfutil@abb=\box97
) (/usr/local/texlive/2023/texmf-dist/tex/generic/pgf/utilities/pgfrcs.code.tex (/usr/local/texlive/2023/texmf-dist/tex/generic/pgf/pgf.revision.tex)
Package: pgfrcs 2023-01-15 v3.1.10 (3.1.10)
))
Package: pgf 2023-01-15 v3.1.10 (3.1.10)
 (/usr/local/texlive/2023/texmf-dist/tex/latex/pgf/basiclayer/pgfcore.sty (/usr/local/texlive/2023/texmf-dist/tex/latex/pgf/systemlayer/pgfsys.sty (/usr/local/texlive/2023/texmf-dist/tex/generic/pgf/systemlayer/pgfsys.code.tex
Package: pgfsys 2023-01-15 v3.1.10 (3.1.10)
 (/usr/local/texlive/2023/texmf-dist/tex/generic/pgf/utilities/pgfkeys.code.tex
\pgfkeys@pathtoks=\toks24
\pgfkeys@temptoks=\toks25
 (/usr/local/texlive/2023/texmf-dist/tex/generic/pgf/utilities/pgfkeyslibraryfiltered.code.tex
\pgfkeys@tmptoks=\toks26
))
\pgf@x=\dimen179
\pgf@y=\dimen180
\pgf@xa=\dimen181
\pgf@ya=\dimen182
\pgf@xb=\dimen183
\pgf@yb=\dimen184
\pgf@xc=\dimen185
\pgf@yc=\dimen186
\pgf@xd=\dimen187
\pgf@yd=\dimen188
\w@pgf@writea=\write3
\r@pgf@reada=\read3
\c@pgf@counta=\count286
\c@pgf@countb=\count287
\c@pgf@countc=\count288
\c@pgf@countd=\count289
\t@pgf@toka=\toks27
\t@pgf@tokb=\toks28
\t@pgf@tokc=\toks29
\pgf@sys@id@count=\count290
 (/usr/local/texlive/2023/texmf-dist/tex/generic/pgf/systemlayer/pgf.cfg
File: pgf.cfg 2023-01-15 v3.1.10 (3.1.10)
)
Driver file for pgf: pgfsys-pdftex.def
 (/usr/local/texlive/2023/texmf-dist/tex/generic/pgf/systemlayer/pgfsys-pdftex.def
File: pgfsys-pdftex.def 2023-01-15 v3.1.10 (3.1.10)
 (/usr/local/texlive/2023/texmf-dist/tex/generic/pgf/systemlayer/pgfsys-common-pdf.def
File: pgfsys-common-pdf.def 2023-01-15 v3.1.10 (3.1.10)
))) (/usr/local/texlive/2023/texmf-dist/tex/generic/pgf/systemlayer/pgfsyssoftpath.code.tex
File: pgfsyssoftpath.code.tex 2023-01-15 v3.1.10 (3.1.10)
\pgfsyssoftpath@smallbuffer@items=\count291
\pgfsyssoftpath@bigbuffer@items=\count292
) (/usr/local/texlive/2023/texmf-dist/tex/generic/pgf/systemlayer/pgfsysprotocol.code.tex
File: pgfsysprotocol.code.tex 2023-01-15 v3.1.10 (3.1.10)
)) (/usr/local/texlive/2023/texmf-dist/tex/latex/xcolor/xcolor.sty
Package: xcolor 2022/06/12 v2.14 LaTeX color extensions (UK)
 (/usr/local/texlive/2023/texmf-dist/tex/latex/graphics-cfg/color.cfg
File: color.cfg 2016/01/02 v1.6 sample color configuration
)
Package xcolor Info: Driver file: pdftex.def on input line 227.
LaTeX Info: Redefining \color on input line 711.
 (/usr/local/texlive/2023/texmf-dist/tex/latex/graphics/mathcolor.ltx)
Package xcolor Info: Model `cmy' substituted by `cmy0' on input line 1353.
Package xcolor Info: Model `hsb' substituted by `rgb' on input line 1357.
Package xcolor Info: Model `RGB' extended on input line 1369.
Package xcolor Info: Model `HTML' substituted by `rgb' on input line 1371.
Package xcolor Info: Model `Hsb' substituted by `hsb' on input line 1372.
Package xcolor Info: Model `tHsb' substituted by `hsb' on input line 1373.
Package xcolor Info: Model `HSB' substituted by `hsb' on input line 1374.
Package xcolor Info: Model `Gray' substituted by `gray' on input line 1375.
Package xcolor Info: Model `wave' substituted by `hsb' on input line 1376.
) (/usr/local/texlive/2023/texmf-dist/tex/generic/pgf/basiclayer/pgfcore.code.tex
Package: pgfcore 2023-01-15 v3.1.10 (3.1.10)
 (/usr/local/texlive/2023/texmf-dist/tex/generic/pgf/math/pgfmath.code.tex (/usr/local/texlive/2023/texmf-dist/tex/generic/pgf/math/pgfmathutil.code.tex) (/usr/local/texlive/2023/texmf-dist/tex/generic/pgf/math/pgfmathparser.code.tex
\pgfmath@dimen=\dimen189
\pgfmath@count=\count293
\pgfmath@box=\box98
\pgfmath@toks=\toks30
\pgfmath@stack@operand=\toks31
\pgfmath@stack@operation=\toks32
) (/usr/local/texlive/2023/texmf-dist/tex/generic/pgf/math/pgfmathfunctions.code.tex) (/usr/local/texlive/2023/texmf-dist/tex/generic/pgf/math/pgfmathfunctions.basic.code.tex) (/usr/local/texlive/2023/texmf-dist/tex/generic/pgf/math/pgfmathfunctions.trigonometric.code.tex) (/usr/local/texlive/2023/texmf-dist/tex/generic/pgf/math/pgfmathfunctions.random.code.tex) (/usr/local/texlive/2023/texmf-dist/tex/generic/pgf/math/pgfmathfunctions.comparison.code.tex) (/usr/local/texlive/2023/texmf-dist/tex/generic/pgf/math/pgfmathfunctions.base.code.tex) (/usr/local/texlive/2023/texmf-dist/tex/generic/pgf/math/pgfmathfunctions.round.code.tex) (/usr/local/texlive/2023/texmf-dist/tex/generic/pgf/math/pgfmathfunctions.misc.code.tex) (/usr/local/texlive/2023/texmf-dist/tex/generic/pgf/math/pgfmathfunctions.integerarithmetics.code.tex) (/usr/local/texlive/2023/texmf-dist/tex/generic/pgf/math/pgfmathcalc.code.tex) (/usr/local/texlive/2023/texmf-dist/tex/generic/pgf/math/pgfmathfloat.code.tex
\c@pgfmathroundto@lastzeros=\count294
)) (/usr/local/texlive/2023/texmf-dist/tex/generic/pgf/math/pgfint.code.tex) (/usr/local/texlive/2023/texmf-dist/tex/generic/pgf/basiclayer/pgfcorepoints.code.tex
File: pgfcorepoints.code.tex 2023-01-15 v3.1.10 (3.1.10)
\pgf@picminx=\dimen190
\pgf@picmaxx=\dimen191
\pgf@picminy=\dimen192
\pgf@picmaxy=\dimen193
\pgf@pathminx=\dimen194
\pgf@pathmaxx=\dimen195
\pgf@pathminy=\dimen196
\pgf@pathmaxy=\dimen197
\pgf@xx=\dimen198
\pgf@xy=\dimen199
\pgf@yx=\dimen256
\pgf@yy=\dimen257
\pgf@zx=\dimen258
\pgf@zy=\dimen259
) (/usr/local/texlive/2023/texmf-dist/tex/generic/pgf/basiclayer/pgfcorepathconstruct.code.tex
File: pgfcorepathconstruct.code.tex 2023-01-15 v3.1.10 (3.1.10)
\pgf@path@lastx=\dimen260
\pgf@path@lasty=\dimen261
) (/usr/local/texlive/2023/texmf-dist/tex/generic/pgf/basiclayer/pgfcorepathusage.code.tex
File: pgfcorepathusage.code.tex 2023-01-15 v3.1.10 (3.1.10)
\pgf@shorten@end@additional=\dimen262
\pgf@shorten@start@additional=\dimen263
) (/usr/local/texlive/2023/texmf-dist/tex/generic/pgf/basiclayer/pgfcorescopes.code.tex
File: pgfcorescopes.code.tex 2023-01-15 v3.1.10 (3.1.10)
\pgfpic=\box99
\pgf@hbox=\box100
\pgf@layerbox@main=\box101
\pgf@picture@serial@count=\count295
) (/usr/local/texlive/2023/texmf-dist/tex/generic/pgf/basiclayer/pgfcoregraphicstate.code.tex
File: pgfcoregraphicstate.code.tex 2023-01-15 v3.1.10 (3.1.10)
\pgflinewidth=\dimen264
) (/usr/local/texlive/2023/texmf-dist/tex/generic/pgf/basiclayer/pgfcoretransformations.code.tex
File: pgfcoretransformations.code.tex 2023-01-15 v3.1.10 (3.1.10)
\pgf@pt@x=\dimen265
\pgf@pt@y=\dimen266
\pgf@pt@temp=\dimen267
) (/usr/local/texlive/2023/texmf-dist/tex/generic/pgf/basiclayer/pgfcorequick.code.tex
File: pgfcorequick.code.tex 2023-01-15 v3.1.10 (3.1.10)
) (/usr/local/texlive/2023/texmf-dist/tex/generic/pgf/basiclayer/pgfcoreobjects.code.tex
File: pgfcoreobjects.code.tex 2023-01-15 v3.1.10 (3.1.10)
) (/usr/local/texlive/2023/texmf-dist/tex/generic/pgf/basiclayer/pgfcorepathprocessing.code.tex
File: pgfcorepathprocessing.code.tex 2023-01-15 v3.1.10 (3.1.10)
) (/usr/local/texlive/2023/texmf-dist/tex/generic/pgf/basiclayer/pgfcorearrows.code.tex
File: pgfcorearrows.code.tex 2023-01-15 v3.1.10 (3.1.10)
\pgfarrowsep=\dimen268
) (/usr/local/texlive/2023/texmf-dist/tex/generic/pgf/basiclayer/pgfcoreshade.code.tex
File: pgfcoreshade.code.tex 2023-01-15 v3.1.10 (3.1.10)
\pgf@max=\dimen269
\pgf@sys@shading@range@num=\count296
\pgf@shadingcount=\count297
) (/usr/local/texlive/2023/texmf-dist/tex/generic/pgf/basiclayer/pgfcoreimage.code.tex
File: pgfcoreimage.code.tex 2023-01-15 v3.1.10 (3.1.10)
) (/usr/local/texlive/2023/texmf-dist/tex/generic/pgf/basiclayer/pgfcoreexternal.code.tex
File: pgfcoreexternal.code.tex 2023-01-15 v3.1.10 (3.1.10)
\pgfexternal@startupbox=\box102
) (/usr/local/texlive/2023/texmf-dist/tex/generic/pgf/basiclayer/pgfcorelayers.code.tex
File: pgfcorelayers.code.tex 2023-01-15 v3.1.10 (3.1.10)
) (/usr/local/texlive/2023/texmf-dist/tex/generic/pgf/basiclayer/pgfcoretransparency.code.tex
File: pgfcoretransparency.code.tex 2023-01-15 v3.1.10 (3.1.10)
) (/usr/local/texlive/2023/texmf-dist/tex/generic/pgf/basiclayer/pgfcorepatterns.code.tex
File: pgfcorepatterns.code.tex 2023-01-15 v3.1.10 (3.1.10)
) (/usr/local/texlive/2023/texmf-dist/tex/generic/pgf/basiclayer/pgfcorerdf.code.tex
File: pgfcorerdf.code.tex 2023-01-15 v3.1.10 (3.1.10)
))) (/usr/local/texlive/2023/texmf-dist/tex/generic/pgf/modules/pgfmoduleshapes.code.tex
File: pgfmoduleshapes.code.tex 2023-01-15 v3.1.10 (3.1.10)
\pgfnodeparttextbox=\box103
) (/usr/local/texlive/2023/texmf-dist/tex/generic/pgf/modules/pgfmoduleplot.code.tex
File: pgfmoduleplot.code.tex 2023-01-15 v3.1.10 (3.1.10)
) (/usr/local/texlive/2023/texmf-dist/tex/latex/pgf/compatibility/pgfcomp-version-0-65.sty
Package: pgfcomp-version-0-65 2023-01-15 v3.1.10 (3.1.10)
\pgf@nodesepstart=\dimen270
\pgf@nodesepend=\dimen271
) (/usr/local/texlive/2023/texmf-dist/tex/latex/pgf/compatibility/pgfcomp-version-1-18.sty
Package: pgfcomp-version-1-18 2023-01-15 v3.1.10 (3.1.10)
)) (/usr/local/texlive/2023/texmf-dist/tex/latex/pgf/utilities/pgffor.sty (/usr/local/texlive/2023/texmf-dist/tex/latex/pgf/utilities/pgfkeys.sty (/usr/local/texlive/2023/texmf-dist/tex/generic/pgf/utilities/pgfkeys.code.tex)) (/usr/local/texlive/2023/texmf-dist/tex/latex/pgf/math/pgfmath.sty (/usr/local/texlive/2023/texmf-dist/tex/generic/pgf/math/pgfmath.code.tex)) (/usr/local/texlive/2023/texmf-dist/tex/generic/pgf/utilities/pgffor.code.tex
Package: pgffor 2023-01-15 v3.1.10 (3.1.10)
\pgffor@iter=\dimen272
\pgffor@skip=\dimen273
\pgffor@stack=\toks33
\pgffor@toks=\toks34
)) (/usr/local/texlive/2023/texmf-dist/tex/generic/pgf/frontendlayer/tikz/tikz.code.tex
Package: tikz 2023-01-15 v3.1.10 (3.1.10)
 (/usr/local/texlive/2023/texmf-dist/tex/generic/pgf/libraries/pgflibraryplothandlers.code.tex
File: pgflibraryplothandlers.code.tex 2023-01-15 v3.1.10 (3.1.10)
\pgf@plot@mark@count=\count298
\pgfplotmarksize=\dimen274
)
\tikz@lastx=\dimen275
\tikz@lasty=\dimen276
\tikz@lastxsaved=\dimen277
\tikz@lastysaved=\dimen278
\tikz@lastmovetox=\dimen279
\tikz@lastmovetoy=\dimen280
\tikzleveldistance=\dimen281
\tikzsiblingdistance=\dimen282
\tikz@figbox=\box104
\tikz@figbox@bg=\box105
\tikz@tempbox=\box106
\tikz@tempbox@bg=\box107
\tikztreelevel=\count299
\tikznumberofchildren=\count300
\tikznumberofcurrentchild=\count301
\tikz@fig@count=\count302
 (/usr/local/texlive/2023/texmf-dist/tex/generic/pgf/modules/pgfmodulematrix.code.tex
File: pgfmodulematrix.code.tex 2023-01-15 v3.1.10 (3.1.10)
\pgfmatrixcurrentrow=\count303
\pgfmatrixcurrentcolumn=\count304
\pgf@matrix@numberofcolumns=\count305
)
\tikz@expandcount=\count306
 (/usr/local/texlive/2023/texmf-dist/tex/generic/pgf/frontendlayer/tikz/libraries/tikzlibrarytopaths.code.tex
File: tikzlibrarytopaths.code.tex 2023-01-15 v3.1.10 (3.1.10)
))) (/usr/local/texlive/2023/texmf-dist/tex/latex/amscls/amsthm.sty
Package: amsthm 2020/05/29 v2.20.6
\thm@style=\toks35
\thm@bodyfont=\toks36
\thm@headfont=\toks37
\thm@notefont=\toks38
\thm@headpunct=\toks39
\thm@preskip=\skip59
\thm@postskip=\skip60
\thm@headsep=\skip61
\dth@everypar=\toks40
) (/usr/local/texlive/2023/texmf-dist/tex/latex/thmtools/thmtools.sty
Package: thmtools 2023/02/17 v0.75
\thmt@toks=\toks41
\c@thmt@dummyctr=\count307
 (/usr/local/texlive/2023/texmf-dist/tex/latex/thmtools/thm-patch.sty
Package: thm-patch 2023/02/17 v0.75
 (/usr/local/texlive/2023/texmf-dist/tex/latex/thmtools/parseargs.sty
Package: parseargs 2023/02/17 v0.75
\@parsespec=\toks42
)) (/usr/local/texlive/2023/texmf-dist/tex/latex/thmtools/thm-kv.sty
Package: thm-kv 2023/02/17 v0.75
Package thm-kv Info: Theorem names will be uppercased on input line 42.
Package thm-kv Info: kvsetkeys patch (v1.16 or later) on input line 158.
) (/usr/local/texlive/2023/texmf-dist/tex/latex/thmtools/thm-autoref.sty
Package: thm-autoref 2023/02/17 v0.75
 (/usr/local/texlive/2023/texmf-dist/tex/latex/thmtools/aliasctr.sty
Package: aliasctr 2023/02/17 v0.75
)) (/usr/local/texlive/2023/texmf-dist/tex/latex/thmtools/thm-listof.sty
Package: thm-listof 2023/02/17 v0.75
) (/usr/local/texlive/2023/texmf-dist/tex/latex/thmtools/thm-restate.sty
Package: thm-restate 2023/02/17 v0.75
) (/usr/local/texlive/2023/texmf-dist/tex/latex/thmtools/thm-amsthm.sty
Package: thm-amsthm 2023/02/17 v0.75
\thmt@style@headstyle=\toks43
)) (/usr/local/texlive/2023/texmf-dist/tex/latex/float/float.sty
Package: float 2001/11/08 v1.3d Float enhancements (AL)
\c@float@type=\count308
\float@exts=\toks44
\float@box=\box108
\@float@everytoks=\toks45
\@floatcapt=\box109
) (/usr/local/texlive/2023/texmf-dist/tex/latex/amsmath/amsmath.sty
Package: amsmath 2022/04/08 v2.17n AMS math features
\@mathmargin=\skip62

For additional information on amsmath, use the `?' option.
(/usr/local/texlive/2023/texmf-dist/tex/latex/amsmath/amstext.sty
Package: amstext 2021/08/26 v2.01 AMS text
 (/usr/local/texlive/2023/texmf-dist/tex/latex/amsmath/amsgen.sty
File: amsgen.sty 1999/11/30 v2.0 generic functions
\@emptytoks=\toks46
\ex@=\dimen283
)) (/usr/local/texlive/2023/texmf-dist/tex/latex/amsmath/amsbsy.sty
Package: amsbsy 1999/11/29 v1.2d Bold Symbols
\pmbraise@=\dimen284
) (/usr/local/texlive/2023/texmf-dist/tex/latex/amsmath/amsopn.sty
Package: amsopn 2022/04/08 v2.04 operator names
)
\inf@bad=\count309
LaTeX Info: Redefining \frac on input line 234.
\uproot@=\count310
\leftroot@=\count311
LaTeX Info: Redefining \overline on input line 399.
LaTeX Info: Redefining \colon on input line 410.
\classnum@=\count312
\DOTSCASE@=\count313
LaTeX Info: Redefining \ldots on input line 496.
LaTeX Info: Redefining \dots on input line 499.
LaTeX Info: Redefining \cdots on input line 620.
\Mathstrutbox@=\box110
\strutbox@=\box111
LaTeX Info: Redefining \big on input line 722.
LaTeX Info: Redefining \Big on input line 723.
LaTeX Info: Redefining \bigg on input line 724.
LaTeX Info: Redefining \Bigg on input line 725.
\big@size=\dimen285
LaTeX Font Info:    Redeclaring font encoding OML on input line 743.
LaTeX Font Info:    Redeclaring font encoding OMS on input line 744.
\macc@depth=\count314
LaTeX Info: Redefining \bmod on input line 905.
LaTeX Info: Redefining \pmod on input line 910.
LaTeX Info: Redefining \smash on input line 940.
LaTeX Info: Redefining \relbar on input line 970.
LaTeX Info: Redefining \Relbar on input line 971.
\c@MaxMatrixCols=\count315
\dotsspace@=\muskip16
\c@parentequation=\count316
\dspbrk@lvl=\count317
\tag@help=\toks47
\row@=\count318
\column@=\count319
\maxfields@=\count320
\andhelp@=\toks48
\eqnshift@=\dimen286
\alignsep@=\dimen287
\tagshift@=\dimen288
\tagwidth@=\dimen289
\totwidth@=\dimen290
\lineht@=\dimen291
\@envbody=\toks49
\multlinegap=\skip63
\multlinetaggap=\skip64
\mathdisplay@stack=\toks50
LaTeX Info: Redefining \[ on input line 2953.
LaTeX Info: Redefining \] on input line 2954.
) (/usr/local/texlive/2023/texmf-dist/tex/latex/amsfonts/amssymb.sty
Package: amssymb 2013/01/14 v3.01 AMS font symbols
 (/usr/local/texlive/2023/texmf-dist/tex/latex/amsfonts/amsfonts.sty
Package: amsfonts 2013/01/14 v3.01 Basic AMSFonts support
\symAMSa=\mathgroup4
\symAMSb=\mathgroup5
LaTeX Font Info:    Redeclaring math symbol \hbar on input line 98.
LaTeX Font Info:    Overwriting math alphabet `\mathfrak' in version `bold'
(Font)                  U/euf/m/n --> U/euf/b/n on input line 106.
)) (/usr/local/texlive/2023/texmf-dist/tex/latex/tools/bm.sty
Package: bm 2022/01/05 v1.2f Bold Symbol Support (DPC/FMi)
\symboldoperators=\mathgroup6
\symboldletters=\mathgroup7
\symboldsymbols=\mathgroup8
Package bm Info: No bold for \OMX/cmex/m/n, using \pmb.
Package bm Info: No bold for \U/msa/m/n, using \pmb.
Package bm Info: No bold for \U/msb/m/n, using \pmb.
LaTeX Font Info:    Redeclaring math alphabet \mathbf on input line 149.
) (/usr/local/texlive/2023/texmf-dist/tex/latex/mathtools/empheq.sty
Package: empheq 2017/03/31 v2.15 Emphasizing equations
 (/usr/local/texlive/2023/texmf-dist/tex/latex/mathtools/mhsetup.sty
Package: mhsetup 2021/03/18 v1.4 programming setup (MH)
) (/usr/local/texlive/2023/texmf-dist/tex/latex/mathtools/mathtools.sty
Package: mathtools 2022/06/29 v1.29 mathematical typesetting tools
 (/usr/local/texlive/2023/texmf-dist/tex/latex/tools/calc.sty
Package: calc 2017/05/25 v4.3 Infix arithmetic (KKT,FJ)
\calc@Acount=\count321
\calc@Bcount=\count322
\calc@Adimen=\dimen292
\calc@Bdimen=\dimen293
\calc@Askip=\skip65
\calc@Bskip=\skip66
LaTeX Info: Redefining \setlength on input line 80.
LaTeX Info: Redefining \addtolength on input line 81.
\calc@Ccount=\count323
\calc@Cskip=\skip67
)
\g_MT_multlinerow_int=\count324
\l_MT_multwidth_dim=\dimen294
\origjot=\skip68
\l_MT_shortvdotswithinadjustabove_dim=\dimen295
\l_MT_shortvdotswithinadjustbelow_dim=\dimen296
\l_MT_above_intertext_sep=\dimen297
\l_MT_below_intertext_sep=\dimen298
\l_MT_above_shortintertext_sep=\dimen299
\l_MT_below_shortintertext_sep=\dimen300
\xmathstrut@box=\box112
\xmathstrut@dim=\dimen301
)
\l_EQ_equationtype_int=\count325
\l_EQ_alignmentmode_int=\count326
\l_EQ_totalwidth_dim=\dimen302
\l_EQ_displaywidth_dim=\dimen303
\l_EQ_temp_linewidth_dim=\dimen304
\l_EQ_linewidth_dim=\dimen305
\EmphEqdelimitershortfall=\dimen306
\EmphEqdelimiterfactor=\count327
\g_EQ_toptag_height_dim=\dimen307
\g_EQ_bottomtag_depth_dim=\dimen308
\g_EQ_toprow_height_dim=\dimen309
\g_EQ_bottomrow_depth_dim=\dimen310
\g_EQ_widesttag_dim=\dimen311
\EQ_mathdisplay_box=\box113
\EQ_tag_box=\box114
\g_EQ_temprow_int=\count328
) (/usr/local/texlive/2023/texmf-dist/tex/latex/base/fix-cm.sty
Package: fix-cm 2020/11/24 v1.1t fixes to LaTeX
 (/usr/local/texlive/2023/texmf-dist/tex/latex/base/ts1enc.def
File: ts1enc.def 2001/06/05 v3.0e (jk/car/fm) Standard LaTeX file
LaTeX Font Info:    Redeclaring font encoding TS1 on input line 47.
)) (/usr/local/texlive/2023/texmf-dist/tex/latex/tools/tabularx.sty
Package: tabularx 2020/01/15 v2.11c `tabularx' package (DPC)
 (/usr/local/texlive/2023/texmf-dist/tex/latex/tools/array.sty
Package: array 2022/09/04 v2.5g Tabular extension package (FMi)
\col@sep=\dimen312
\ar@mcellbox=\box115
\extrarowheight=\dimen313
\NC@list=\toks51
\extratabsurround=\skip69
\backup@length=\skip70
\ar@cellbox=\box116
)
\TX@col@width=\dimen314
\TX@old@table=\dimen315
\TX@old@col=\dimen316
\TX@target=\dimen317
\TX@delta=\dimen318
\TX@cols=\count329
\TX@ftn=\toks52
) (/usr/local/texlive/2023/texmf-dist/tex/latex/tools/longtable.sty
Package: longtable 2021-09-01 v4.17 Multi-page Table package (DPC)
\LTleft=\skip71
\LTright=\skip72
\LTpre=\skip73
\LTpost=\skip74
\LTchunksize=\count330
\LTcapwidth=\dimen319
\LT@head=\box117
\LT@firsthead=\box118
\LT@foot=\box119
\LT@lastfoot=\box120
\LT@gbox=\box121
\LT@cols=\count331
\LT@rows=\count332
\c@LT@tables=\count333
\c@LT@chunks=\count334
\LT@p@ftn=\toks53
) (/usr/local/texlive/2023/texmf-dist/tex/latex/colortbl/colortbl.sty
Package: colortbl 2022/06/20 v1.0f Color table columns (DPC)
\everycr=\toks54
\minrowclearance=\skip75
\rownum=\count335
) (/usr/local/texlive/2023/texmf-dist/tex/latex/algorithms/algorithm.sty
Package: algorithm 2009/08/24 v0.1 Document Style `algorithm' - floating environment
 (/usr/local/texlive/2023/texmf-dist/tex/latex/base/ifthen.sty
Package: ifthen 2022/04/13 v1.1d Standard LaTeX ifthen package (DPC)
)
\@float@every@algorithm=\toks55
\c@algorithm=\count336
) (/usr/local/texlive/2023/texmf-dist/tex/latex/algorithms/algorithmic.sty
Package: algorithmic 2009/08/24 v0.1 Document Style `algorithmic'
\c@ALC@unique=\count337
\c@ALC@line=\count338
\c@ALC@rem=\count339
\c@ALC@depth=\count340
\ALC@tlm=\skip76
\algorithmicindent=\skip77
) (/usr/local/texlive/2023/texmf-dist/tex/latex/hyperref/hyperref.sty
Package: hyperref 2023-02-07 v7.00v Hypertext links for LaTeX
 (/usr/local/texlive/2023/texmf-dist/tex/generic/pdftexcmds/pdftexcmds.sty
Package: pdftexcmds 2020-06-27 v0.33 Utility functions of pdfTeX for LuaTeX (HO)
 (/usr/local/texlive/2023/texmf-dist/tex/generic/infwarerr/infwarerr.sty
Package: infwarerr 2019/12/03 v1.5 Providing info/warning/error messages (HO)
)
Package pdftexcmds Info: \pdf@primitive is available.
Package pdftexcmds Info: \pdf@ifprimitive is available.
Package pdftexcmds Info: \pdfdraftmode found.
) (/usr/local/texlive/2023/texmf-dist/tex/generic/kvdefinekeys/kvdefinekeys.sty
Package: kvdefinekeys 2019-12-19 v1.6 Define keys (HO)
) (/usr/local/texlive/2023/texmf-dist/tex/generic/pdfescape/pdfescape.sty
Package: pdfescape 2019/12/09 v1.15 Implements pdfTeX's escape features (HO)
) (/usr/local/texlive/2023/texmf-dist/tex/latex/hycolor/hycolor.sty
Package: hycolor 2020-01-27 v1.10 Color options for hyperref/bookmark (HO)
) (/usr/local/texlive/2023/texmf-dist/tex/latex/letltxmacro/letltxmacro.sty
Package: letltxmacro 2019/12/03 v1.6 Let assignment for LaTeX macros (HO)
) (/usr/local/texlive/2023/texmf-dist/tex/latex/hyperref/nameref.sty
Package: nameref 2022-05-17 v2.50 Cross-referencing by name of section
 (/usr/local/texlive/2023/texmf-dist/tex/latex/refcount/refcount.sty
Package: refcount 2019/12/15 v3.6 Data extraction from label references (HO)
) (/usr/local/texlive/2023/texmf-dist/tex/generic/gettitlestring/gettitlestring.sty
Package: gettitlestring 2019/12/15 v1.6 Cleanup title references (HO)
)
\c@section@level=\count341
)
\@linkdim=\dimen320
\Hy@linkcounter=\count342
\Hy@pagecounter=\count343
 (/usr/local/texlive/2023/texmf-dist/tex/latex/hyperref/pd1enc.def
File: pd1enc.def 2023-02-07 v7.00v Hyperref: PDFDocEncoding definition (HO)
Now handling font encoding PD1 ...
... no UTF-8 mapping file for font encoding PD1
) (/usr/local/texlive/2023/texmf-dist/tex/generic/intcalc/intcalc.sty
Package: intcalc 2019/12/15 v1.3 Expandable calculations with integers (HO)
) (/usr/local/texlive/2023/texmf-dist/tex/generic/etexcmds/etexcmds.sty
Package: etexcmds 2019/12/15 v1.7 Avoid name clashes with e-TeX commands (HO)
)
\Hy@SavedSpaceFactor=\count344
 (/usr/local/texlive/2023/texmf-dist/tex/latex/hyperref/puenc.def
File: puenc.def 2023-02-07 v7.00v Hyperref: PDF Unicode definition (HO)
Now handling font encoding PU ...
... no UTF-8 mapping file for font encoding PU
)
Package hyperref Info: Option `colorlinks' set `true' on input line 4060.
Package hyperref Info: Hyper figures OFF on input line 4177.
Package hyperref Info: Link nesting OFF on input line 4182.
Package hyperref Info: Hyper index ON on input line 4185.
Package hyperref Info: Plain pages OFF on input line 4192.
Package hyperref Info: Backreferencing OFF on input line 4197.
Package hyperref Info: Implicit mode ON; LaTeX internals redefined.
Package hyperref Info: Bookmarks ON on input line 4425.
\c@Hy@tempcnt=\count345
 (/usr/local/texlive/2023/texmf-dist/tex/latex/url/url.sty
\Urlmuskip=\muskip17
Package: url 2013/09/16  ver 3.4  Verb mode for urls, etc.
)
LaTeX Info: Redefining \url on input line 4763.
\XeTeXLinkMargin=\dimen321
 (/usr/local/texlive/2023/texmf-dist/tex/generic/bitset/bitset.sty
Package: bitset 2019/12/09 v1.3 Handle bit-vector datatype (HO)
 (/usr/local/texlive/2023/texmf-dist/tex/generic/bigintcalc/bigintcalc.sty
Package: bigintcalc 2019/12/15 v1.5 Expandable calculations on big integers (HO)
))
\Fld@menulength=\count346
\Field@Width=\dimen322
\Fld@charsize=\dimen323
Package hyperref Info: Hyper figures OFF on input line 6042.
Package hyperref Info: Link nesting OFF on input line 6047.
Package hyperref Info: Hyper index ON on input line 6050.
Package hyperref Info: backreferencing OFF on input line 6057.
Package hyperref Info: Link coloring ON on input line 6060.
Package hyperref Info: Link coloring with OCG OFF on input line 6067.
Package hyperref Info: PDF/A mode OFF on input line 6072.
 (/usr/local/texlive/2023/texmf-dist/tex/latex/base/atbegshi-ltx.sty
Package: atbegshi-ltx 2021/01/10 v1.0c Emulation of the original atbegshi
package with kernel methods
)
\Hy@abspage=\count347
\c@Item=\count348
\c@Hfootnote=\count349
)
Package hyperref Info: Driver (autodetected): hpdftex.
 (/usr/local/texlive/2023/texmf-dist/tex/latex/hyperref/hpdftex.def
File: hpdftex.def 2023-02-07 v7.00v Hyperref driver for pdfTeX
 (/usr/local/texlive/2023/texmf-dist/tex/latex/base/atveryend-ltx.sty
Package: atveryend-ltx 2020/08/19 v1.0a Emulation of the original atveryend package
with kernel methods
)
\Fld@listcount=\count350
\c@bookmark@seq@number=\count351
 (/usr/local/texlive/2023/texmf-dist/tex/latex/rerunfilecheck/rerunfilecheck.sty
Package: rerunfilecheck 2022-07-10 v1.10 Rerun checks for auxiliary files (HO)
 (/usr/local/texlive/2023/texmf-dist/tex/generic/uniquecounter/uniquecounter.sty
Package: uniquecounter 2019/12/15 v1.4 Provide unlimited unique counter (HO)
)
Package uniquecounter Info: New unique counter `rerunfilecheck' on input line 285.
)
\Hy@SectionHShift=\skip78
) (/usr/local/texlive/2023/texmf-dist/tex/latex/cleveref/cleveref.sty
Package: cleveref 2018/03/27 v0.21.4 Intelligent cross-referencing
Package cleveref Info: `hyperref' support loaded on input line 2370.
LaTeX Info: Redefining \cref on input line 2370.
LaTeX Info: Redefining \Cref on input line 2370.
LaTeX Info: Redefining \crefrange on input line 2370.
LaTeX Info: Redefining \Crefrange on input line 2370.
LaTeX Info: Redefining \cpageref on input line 2370.
LaTeX Info: Redefining \Cpageref on input line 2370.
LaTeX Info: Redefining \cpagerefrange on input line 2370.
LaTeX Info: Redefining \Cpagerefrange on input line 2370.
LaTeX Info: Redefining \labelcref on input line 2370.
LaTeX Info: Redefining \labelcpageref on input line 2370.
Package cleveref Info: `amsthm' support loaded on input line 3026.
Package cleveref Info: `subfig' support loaded on input line 3164.
) (/usr/local/texlive/2023/texmf-dist/tex/latex/natbib/natbib.sty
Package: natbib 2010/09/13 8.31b (PWD, AO)
\bibhang=\skip79
\bibsep=\skip80
LaTeX Info: Redefining \cite on input line 694.
\c@NAT@ctr=\count352
) (/usr/local/texlive/2023/texmf-dist/tex/latex/pdfpages/pdfpages.sty
Package: pdfpages 2022/12/19 v0.5x Insert pages of external PDF documents (AM)
\AM@pagewidth=\dimen324
\AM@pageheight=\dimen325
\AM@fboxrule=\dimen326
 (/usr/local/texlive/2023/texmf-dist/tex/latex/pdfpages/pppdftex.def
File: pppdftex.def 2022/12/19 v0.5x Pdfpages driver for pdfTeX (AM)
)
\pdfpages@includegraphics@status=\count353
\AM@pagebox=\box122
\AM@global@opts=\toks56
\AM@pagecnt=\count354
\AM@toc@title=\toks57
\AM@lof@heading=\toks58
\c@AM@survey=\count355
\AM@templatesizebox=\box123
) (/usr/local/texlive/2023/texmf-dist/tex/latex/tools/afterpage.sty
Package: afterpage 2014/10/28 v1.08 After-Page Package (DPC)
\AP@output=\toks59
\AP@partial=\box124
\AP@footins=\box125
) (/usr/local/texlive/2023/texmf-dist/tex/latex/lipsum/lipsum.sty (/usr/local/texlive/2023/texmf-dist/tex/latex/l3packages/l3keys2e/l3keys2e.sty (/usr/local/texlive/2023/texmf-dist/tex/latex/l3kernel/expl3.sty
Package: expl3 2023-02-22 L3 programming layer (loader) 
 (/usr/local/texlive/2023/texmf-dist/tex/latex/l3backend/l3backend-pdftex.def
File: l3backend-pdftex.def 2023-01-16 L3 backend support: PDF output (pdfTeX)
\l__color_backend_stack_int=\count356
\l__pdf_internal_box=\box126
))
Package: l3keys2e 2023-02-02 LaTeX2e option processing using LaTeX3 keys
)
Package: lipsum 2021-09-20 v2.7 150 paragraphs of Lorem Ipsum dummy text
\g__lipsum_par_int=\count357
\l__lipsum_a_int=\count358
\l__lipsum_b_int=\count359
 (/usr/local/texlive/2023/texmf-dist/tex/latex/lipsum/lipsum.ltd.tex)) (/usr/local/texlive/2023/texmf-dist/tex/latex/fancyhdr/fancyhdr.sty
Package: fancyhdr 2022/11/09 v4.1 Extensive control of page headers and footers
\f@nch@headwidth=\skip81
\f@nch@O@elh=\skip82
\f@nch@O@erh=\skip83
\f@nch@O@olh=\skip84
\f@nch@O@orh=\skip85
\f@nch@O@elf=\skip86
\f@nch@O@erf=\skip87
\f@nch@O@olf=\skip88
\f@nch@O@orf=\skip89
) (./Configuration_Files/config.tex
\c@theorem=\count360
\c@proposition=\count361
\c@algsubstate=\count362
) (./Thesis.aux)
\openout1 = `Thesis.aux'.

LaTeX Font Info:    Checking defaults for OML/cmm/m/it on input line 108.
LaTeX Font Info:    ... okay on input line 108.
LaTeX Font Info:    Checking defaults for OMS/cmsy/m/n on input line 108.
LaTeX Font Info:    ... okay on input line 108.
LaTeX Font Info:    Checking defaults for OT1/cmr/m/n on input line 108.
LaTeX Font Info:    ... okay on input line 108.
LaTeX Font Info:    Checking defaults for T1/cmr/m/n on input line 108.
LaTeX Font Info:    ... okay on input line 108.
LaTeX Font Info:    Checking defaults for TS1/cmr/m/n on input line 108.
LaTeX Font Info:    ... okay on input line 108.
LaTeX Font Info:    Checking defaults for OMX/cmex/m/n on input line 108.
LaTeX Font Info:    ... okay on input line 108.
LaTeX Font Info:    Checking defaults for U/cmr/m/n on input line 108.
LaTeX Font Info:    ... okay on input line 108.
LaTeX Font Info:    Checking defaults for PD1/pdf/m/n on input line 108.
LaTeX Font Info:    ... okay on input line 108.
LaTeX Font Info:    Checking defaults for PU/pdf/m/n on input line 108.
LaTeX Font Info:    ... okay on input line 108.

*geometry* driver: auto-detecting
*geometry* detected driver: pdftex
*geometry* verbose mode - [ preamble ] result:
* driver: pdftex
* paper: a4paper
* layout: <same size as paper>
* layoutoffset:(h,v)=(0.0pt,0.0pt)
* modes: includehead twoside 
* h-part:(L,W,R)=(85.35826pt, 455.24411pt, 56.9055pt)
* v-part:(T,H,B)=(71.13188pt, 702.78308pt, 71.13188pt)
* \paperwidth=597.50787pt
* \paperheight=845.04684pt
* \textwidth=455.24411pt
* \textheight=665.83746pt
* \oddsidemargin=13.08827pt
* \evensidemargin=-15.36449pt
* \topmargin=-1.1381pt
* \headheight=17.07182pt
* \headsep=19.8738pt
* \topskip=12.0pt
* \footskip=30.0pt
* \marginparwidth=98.0pt
* \marginparsep=7.0pt
* \columnsep=15.0pt
* \skip\footins=10.8pt plus 4.0pt minus 2.0pt
* \hoffset=0.0pt
* \voffset=0.0pt
* \mag=1000
* \@twocolumnfalse
* \@twosidetrue
* \@mparswitchtrue
* \@reversemarginfalse
* (1in=72.27pt=25.4mm, 1cm=28.453pt)

Package caption Info: Begin \AtBeginDocument code.
Package caption Info: subfig package v1.3 is loaded.
Package caption Info: float package is loaded.
Package caption Info: hyperref package is loaded.
Package caption Info: longtable package is loaded.
(/usr/local/texlive/2023/texmf-dist/tex/latex/caption/ltcaption.sty
Package: ltcaption 2021/01/08 v1.4c longtable captions (AR)
)
Package caption Info: End \AtBeginDocument code.
 (/usr/local/texlive/2023/texmf-dist/tex/context/base/mkii/supp-pdf.mkii
[Loading MPS to PDF converter (version 2006.09.02).]
\scratchcounter=\count363
\scratchdimen=\dimen327
\scratchbox=\box127
\nofMPsegments=\count364
\nofMParguments=\count365
\everyMPshowfont=\toks60
\MPscratchCnt=\count366
\MPscratchDim=\dimen328
\MPnumerator=\count367
\makeMPintoPDFobject=\count368
\everyMPtoPDFconversion=\toks61
) (/usr/local/texlive/2023/texmf-dist/tex/latex/epstopdf-pkg/epstopdf-base.sty
Package: epstopdf-base 2020-01-24 v2.11 Base part for package epstopdf
Package epstopdf-base Info: Redefining graphics rule for `.eps' on input line 485.
 (/usr/local/texlive/2023/texmf-dist/tex/latex/latexconfig/epstopdf-sys.cfg
File: epstopdf-sys.cfg 2010/07/13 v1.3 Configuration of (r)epstopdf for TeX Live
))
LaTeX Info: Redefining \[ on input line 108.
LaTeX Info: Redefining \] on input line 108.
Package hyperref Info: Link coloring ON on input line 108.
 (./Thesis.out) (./Thesis.out)
\@outlinefile=\write4
\openout4 = `Thesis.out'.

 (/usr/local/texlive/2023/texmf-dist/tex/latex/pdflscape/pdflscape.sty
Package: pdflscape 2022-10-27 v0.13 Display of landscape pages in PDF
 (/usr/local/texlive/2023/texmf-dist/tex/latex/pdflscape/pdflscape-nometadata.sty
Package: pdflscape-nometadata 2022-10-28 v0.13 Display of landscape pages in PDF (HO)
 (/usr/local/texlive/2023/texmf-dist/tex/latex/graphics/lscape.sty
Package: lscape 2020/05/28 v3.02 Landscape Pages (DPC)
)
Package pdflscape Info: Auto-detected driver: pdftex on input line 81.
))
Package epstopdf Info: Source file: <Images/02_ING_IND_INFORMAZIONE_COL_POSITIVO.eps>
(epstopdf)                    date: 2023-10-27 07:57:56
(epstopdf)                    size: 1016894 bytes
(epstopdf)             Output file: <Images/02_ING_IND_INFORMAZIONE_COL_POSITIVO-eps-converted-to.pdf>
(epstopdf)                    date: 2023-10-27 14:16:55
(epstopdf)                    size: 81903 bytes
(epstopdf)             Command: <repstopdf --outfile=Images/02_ING_IND_INFORMAZIONE_COL_POSITIVO-eps-converted-to.pdf Images/02_ING_IND_INFORMAZIONE_COL_POSITIVO.eps>
(epstopdf)             \includegraphics on input line 131.
Package epstopdf Info: Output file is already uptodate.
<Images/02_ING_IND_INFORMAZIONE_COL_POSITIVO-eps-converted-to.pdf, id=71, 493.845pt x 227.85126pt>
File: Images/02_ING_IND_INFORMAZIONE_COL_POSITIVO-eps-converted-to.pdf Graphic file (type pdf)
<use Images/02_ING_IND_INFORMAZIONE_COL_POSITIVO-eps-converted-to.pdf>
Package pdftex.def Info: Images/02_ING_IND_INFORMAZIONE_COL_POSITIVO-eps-converted-to.pdf  used on input line 131.
(pdftex.def)             Requested size: 302.73503pt x 150.052pt.
LaTeX Font Info:    Trying to load font information for U+msa on input line 131.
 (/usr/local/texlive/2023/texmf-dist/tex/latex/amsfonts/umsa.fd
File: umsa.fd 2013/01/14 v3.01 AMS symbols A
)
LaTeX Font Info:    Trying to load font information for U+msb on input line 131.
 (/usr/local/texlive/2023/texmf-dist/tex/latex/amsfonts/umsb.fd
File: umsb.fd 2013/01/14 v3.01 AMS symbols B
)
Package epstopdf Info: Source file: <./Images//./raggiera_polimi.eps>
(epstopdf)                    date: 2023-10-27 07:57:56
(epstopdf)                    size: 1813066 bytes
(epstopdf)             Output file: <./Images//./raggiera_polimi-eps-converted-to.pdf>
(epstopdf)                    date: 2023-10-27 14:16:55
(epstopdf)                    size: 40456 bytes
(epstopdf)             Command: <repstopdf --outfile=./Images//./raggiera_polimi-eps-converted-to.pdf ./Images//./raggiera_polimi.eps>
(epstopdf)             \includegraphics on input line 131.
Package epstopdf Info: Output file is already uptodate.
<./Images//./raggiera_polimi-eps-converted-to.pdf, id=73, 502.87875pt x 502.87875pt>
File: ./Images//./raggiera_polimi-eps-converted-to.pdf Graphic file (type pdf)
<use ./Images//./raggiera_polimi-eps-converted-to.pdf>
Package pdftex.def Info: ./Images//./raggiera_polimi-eps-converted-to.pdf  used on input line 131.
(pdftex.def)             Requested size: 418.25368pt x 418.24866pt.
 [1



{/usr/local/texlive/2023/texmf-var/fonts/map/pdftex/updmap/pdftex.map}{/usr/local/texlive/2023/texmf-dist/fonts/enc/dvips/cm-super/cm-super-t1.enc} <./Images//./raggiera_polimi-eps-converted-to.pdf> <./Images/02_ING_IND_INFORMAZIONE_COL_POSITIVO-eps-converted-to.pdf>]
Package epstopdf Info: Source file: <./Images//./raggiera_polimi.eps>
(epstopdf)                    date: 2023-10-27 07:57:56
(epstopdf)                    size: 1813066 bytes
(epstopdf)             Output file: <./Images//./raggiera_polimi-eps-converted-to.pdf>
(epstopdf)                    date: 2023-10-27 14:16:55
(epstopdf)                    size: 40456 bytes
(epstopdf)             Command: <repstopdf --outfile=./Images//./raggiera_polimi-eps-converted-to.pdf ./Images//./raggiera_polimi.eps>
(epstopdf)             \includegraphics on input line 136.
Package epstopdf Info: Output file is already uptodate.
File: ./Images//./raggiera_polimi-eps-converted-to.pdf Graphic file (type pdf)
<use ./Images//./raggiera_polimi-eps-converted-to.pdf>
Package pdftex.def Info: ./Images//./raggiera_polimi-eps-converted-to.pdf  used on input line 136.
(pdftex.def)             Requested size: 507.88533pt x 507.88051pt.
 [2

]
Underfull \hbox (badness 10000) in paragraph at lines 141--145

 []


pdfTeX warning (ext4): destination with the same identifier (name{page.i}) has been already used, duplicate ignored
<to be read again> 
                   \relax 
l.147 \chapter*{Abstract in lingua italiana}
                                             [1


]
pdfTeX warning (ext4): destination with the same identifier (name{page.ii}) has been already used, duplicate ignored
<to be read again> 
                   \relax 
l.147 \chapter*{Abstract in lingua italiana}
                                            
Package epstopdf Info: Source file: <./Images//./raggiera_polimi.eps>
(epstopdf)                    date: 2023-10-27 07:57:56
(epstopdf)                    size: 1813066 bytes
(epstopdf)             Output file: <./Images//./raggiera_polimi-eps-converted-to.pdf>
(epstopdf)                    date: 2023-10-27 14:16:55
(epstopdf)                    size: 40456 bytes
(epstopdf)             Command: <repstopdf --outfile=./Images//./raggiera_polimi-eps-converted-to.pdf ./Images//./raggiera_polimi.eps>
(epstopdf)             \includegraphics on input line 147.
Package epstopdf Info: Output file is already uptodate.
File: ./Images//./raggiera_polimi-eps-converted-to.pdf Graphic file (type pdf)
<use ./Images//./raggiera_polimi-eps-converted-to.pdf>
Package pdftex.def Info: ./Images//./raggiera_polimi-eps-converted-to.pdf  used on input line 147.
(pdftex.def)             Requested size: 507.88533pt x 507.88051pt.
 [2

]
Underfull \hbox (badness 10000) in paragraph at lines 148--152

 []

[3

]
Package epstopdf Info: Source file: <./Images//./raggiera_polimi.eps>
(epstopdf)                    date: 2023-10-27 07:57:56
(epstopdf)                    size: 1813066 bytes
(epstopdf)             Output file: <./Images//./raggiera_polimi-eps-converted-to.pdf>
(epstopdf)                    date: 2023-10-27 14:16:55
(epstopdf)                    size: 40456 bytes
(epstopdf)             Command: <repstopdf --outfile=./Images//./raggiera_polimi-eps-converted-to.pdf ./Images//./raggiera_polimi.eps>
(epstopdf)             \includegraphics on input line 159.
Package epstopdf Info: Output file is already uptodate.
File: ./Images//./raggiera_polimi-eps-converted-to.pdf Graphic file (type pdf)
<use ./Images//./raggiera_polimi-eps-converted-to.pdf>
Package pdftex.def Info: ./Images//./raggiera_polimi-eps-converted-to.pdf  used on input line 159.
(pdftex.def)             Requested size: 507.88533pt x 507.88051pt.
 [4

] (./Thesis.toc)
\tf@toc=\write5
\openout5 = `Thesis.toc'.

 [5

]
Package epstopdf Info: Source file: <./Images//./raggiera_polimi.eps>
(epstopdf)                    date: 2023-10-27 07:57:56
(epstopdf)                    size: 1813066 bytes
(epstopdf)             Output file: <./Images//./raggiera_polimi-eps-converted-to.pdf>
(epstopdf)                    date: 2023-10-27 14:16:55
(epstopdf)                    size: 40456 bytes
(epstopdf)             Command: <repstopdf --outfile=./Images//./raggiera_polimi-eps-converted-to.pdf ./Images//./raggiera_polimi.eps>
(epstopdf)             \includegraphics on input line 161.
Package epstopdf Info: Output file is already uptodate.
File: ./Images//./raggiera_polimi-eps-converted-to.pdf Graphic file (type pdf)
<use ./Images//./raggiera_polimi-eps-converted-to.pdf>
Package pdftex.def Info: ./Images//./raggiera_polimi-eps-converted-to.pdf  used on input line 161.
(pdftex.def)             Requested size: 507.88533pt x 507.88051pt.
 [6

] [1



]
Package epstopdf Info: Source file: <./Images//./raggiera_polimi.eps>
(epstopdf)                    date: 2023-10-27 07:57:56
(epstopdf)                    size: 1813066 bytes
(epstopdf)             Output file: <./Images//./raggiera_polimi-eps-converted-to.pdf>
(epstopdf)                    date: 2023-10-27 14:16:55
(epstopdf)                    size: 40456 bytes
(epstopdf)             Command: <repstopdf --outfile=./Images//./raggiera_polimi-eps-converted-to.pdf ./Images//./raggiera_polimi.eps>
(epstopdf)             \includegraphics on input line 177.
Package epstopdf Info: Output file is already uptodate.
File: ./Images//./raggiera_polimi-eps-converted-to.pdf Graphic file (type pdf)
<use ./Images//./raggiera_polimi-eps-converted-to.pdf>
Package pdftex.def Info: ./Images//./raggiera_polimi-eps-converted-to.pdf  used on input line 177.
(pdftex.def)             Requested size: 507.88533pt x 507.88051pt.
 [2

]
Chapter 1.
[3

]
Package epstopdf Info: Source file: <./Images//./raggiera_polimi.eps>
(epstopdf)                    date: 2023-10-27 07:57:56
(epstopdf)                    size: 1813066 bytes
(epstopdf)             Output file: <./Images//./raggiera_polimi-eps-converted-to.pdf>
(epstopdf)                    date: 2023-10-27 14:16:55
(epstopdf)                    size: 40456 bytes
(epstopdf)             Command: <repstopdf --outfile=./Images//./raggiera_polimi-eps-converted-to.pdf ./Images//./raggiera_polimi.eps>
(epstopdf)             \includegraphics on input line 212.
Package epstopdf Info: Output file is already uptodate.
File: ./Images//./raggiera_polimi-eps-converted-to.pdf Graphic file (type pdf)
<use ./Images//./raggiera_polimi-eps-converted-to.pdf>
Package pdftex.def Info: ./Images//./raggiera_polimi-eps-converted-to.pdf  used on input line 212.
(pdftex.def)             Requested size: 507.88533pt x 507.88051pt.
 [4

]
Chapter 2.
[5

]
Package epstopdf Info: Source file: <./Images//./raggiera_polimi.eps>
(epstopdf)                    date: 2023-10-27 07:57:56
(epstopdf)                    size: 1813066 bytes
(epstopdf)             Output file: <./Images//./raggiera_polimi-eps-converted-to.pdf>
(epstopdf)                    date: 2023-10-27 14:16:55
(epstopdf)                    size: 40456 bytes
(epstopdf)             Command: <repstopdf --outfile=./Images//./raggiera_polimi-eps-converted-to.pdf ./Images//./raggiera_polimi.eps>
(epstopdf)             \includegraphics on input line 217.
Package epstopdf Info: Output file is already uptodate.
File: ./Images//./raggiera_polimi-eps-converted-to.pdf Graphic file (type pdf)
<use ./Images//./raggiera_polimi-eps-converted-to.pdf>
Package pdftex.def Info: ./Images//./raggiera_polimi-eps-converted-to.pdf  used on input line 217.
(pdftex.def)             Requested size: 507.88533pt x 507.88051pt.
 [6

]
Chapter 3.
[7

]
Package epstopdf Info: Source file: <./Images//./raggiera_polimi.eps>
(epstopdf)                    date: 2023-10-27 07:57:56
(epstopdf)                    size: 1813066 bytes
(epstopdf)             Output file: <./Images//./raggiera_polimi-eps-converted-to.pdf>
(epstopdf)                    date: 2023-10-27 14:16:55
(epstopdf)                    size: 40456 bytes
(epstopdf)             Command: <repstopdf --outfile=./Images//./raggiera_polimi-eps-converted-to.pdf ./Images//./raggiera_polimi.eps>
(epstopdf)             \includegraphics on input line 220.
Package epstopdf Info: Output file is already uptodate.
File: ./Images//./raggiera_polimi-eps-converted-to.pdf Graphic file (type pdf)
<use ./Images//./raggiera_polimi-eps-converted-to.pdf>
Package pdftex.def Info: ./Images//./raggiera_polimi-eps-converted-to.pdf  used on input line 220.
(pdftex.def)             Requested size: 507.88533pt x 507.88051pt.
 [8

]
Chapter 4.
No file Thesis.bbl.
[9

]
Package epstopdf Info: Source file: <./Images//./raggiera_polimi.eps>
(epstopdf)                    date: 2023-10-27 07:57:56
(epstopdf)                    size: 1813066 bytes
(epstopdf)             Output file: <./Images//./raggiera_polimi-eps-converted-to.pdf>
(epstopdf)                    date: 2023-10-27 14:16:55
(epstopdf)                    size: 40456 bytes
(epstopdf)             Command: <repstopdf --outfile=./Images//./raggiera_polimi-eps-converted-to.pdf ./Images//./raggiera_polimi.eps>
(epstopdf)             \includegraphics on input line 236.
Package epstopdf Info: Output file is already uptodate.
File: ./Images//./raggiera_polimi-eps-converted-to.pdf Graphic file (type pdf)
<use ./Images//./raggiera_polimi-eps-converted-to.pdf>
Package pdftex.def Info: ./Images//./raggiera_polimi-eps-converted-to.pdf  used on input line 236.
(pdftex.def)             Requested size: 507.88533pt x 507.88051pt.
 [10

]
Appendix A.
[11


]
Package epstopdf Info: Source file: <./Images//./raggiera_polimi.eps>
(epstopdf)                    date: 2023-10-27 07:57:56
(epstopdf)                    size: 1813066 bytes
(epstopdf)             Output file: <./Images//./raggiera_polimi-eps-converted-to.pdf>
(epstopdf)                    date: 2023-10-27 14:16:55
(epstopdf)                    size: 40456 bytes
(epstopdf)             Command: <repstopdf --outfile=./Images//./raggiera_polimi-eps-converted-to.pdf ./Images//./raggiera_polimi.eps>
(epstopdf)             \includegraphics on input line 244.
Package epstopdf Info: Output file is already uptodate.
File: ./Images//./raggiera_polimi-eps-converted-to.pdf Graphic file (type pdf)
<use ./Images//./raggiera_polimi-eps-converted-to.pdf>
Package pdftex.def Info: ./Images//./raggiera_polimi-eps-converted-to.pdf  used on input line 244.
(pdftex.def)             Requested size: 507.88533pt x 507.88051pt.
 [12

]
Appendix B.
[13

]
Package epstopdf Info: Source file: <./Images//./raggiera_polimi.eps>
(epstopdf)                    date: 2023-10-27 07:57:56
(epstopdf)                    size: 1813066 bytes
(epstopdf)             Output file: <./Images//./raggiera_polimi-eps-converted-to.pdf>
(epstopdf)                    date: 2023-10-27 14:16:55
(epstopdf)                    size: 40456 bytes
(epstopdf)             Command: <repstopdf --outfile=./Images//./raggiera_polimi-eps-converted-to.pdf ./Images//./raggiera_polimi.eps>
(epstopdf)             \includegraphics on input line 249.
Package epstopdf Info: Output file is already uptodate.
File: ./Images//./raggiera_polimi-eps-converted-to.pdf Graphic file (type pdf)
<use ./Images//./raggiera_polimi-eps-converted-to.pdf>
Package pdftex.def Info: ./Images//./raggiera_polimi-eps-converted-to.pdf  used on input line 249.
(pdftex.def)             Requested size: 507.88533pt x 507.88051pt.
 [14

] (./Thesis.lof)
\tf@lof=\write6
\openout6 = `Thesis.lof'.

 [15

]
Package epstopdf Info: Source file: <./Images//./raggiera_polimi.eps>
(epstopdf)                    date: 2023-10-27 07:57:56
(epstopdf)                    size: 1813066 bytes
(epstopdf)             Output file: <./Images//./raggiera_polimi-eps-converted-to.pdf>
(epstopdf)                    date: 2023-10-27 14:16:55
(epstopdf)                    size: 40456 bytes
(epstopdf)             Command: <repstopdf --outfile=./Images//./raggiera_polimi-eps-converted-to.pdf ./Images//./raggiera_polimi.eps>
(epstopdf)             \includegraphics on input line 252.
Package epstopdf Info: Output file is already uptodate.
File: ./Images//./raggiera_polimi-eps-converted-to.pdf Graphic file (type pdf)
<use ./Images//./raggiera_polimi-eps-converted-to.pdf>
Package pdftex.def Info: ./Images//./raggiera_polimi-eps-converted-to.pdf  used on input line 252.
(pdftex.def)             Requested size: 507.88533pt x 507.88051pt.
 [16

] (./Thesis.lot)
\tf@lot=\write7
\openout7 = `Thesis.lot'.

 [17

]
Package epstopdf Info: Source file: <./Images//./raggiera_polimi.eps>
(epstopdf)                    date: 2023-10-27 07:57:56
(epstopdf)                    size: 1813066 bytes
(epstopdf)             Output file: <./Images//./raggiera_polimi-eps-converted-to.pdf>
(epstopdf)                    date: 2023-10-27 14:16:55
(epstopdf)                    size: 40456 bytes
(epstopdf)             Command: <repstopdf --outfile=./Images//./raggiera_polimi-eps-converted-to.pdf ./Images//./raggiera_polimi.eps>
(epstopdf)             \includegraphics on input line 256.
Package epstopdf Info: Output file is already uptodate.
File: ./Images//./raggiera_polimi-eps-converted-to.pdf Graphic file (type pdf)
<use ./Images//./raggiera_polimi-eps-converted-to.pdf>
Package pdftex.def Info: ./Images//./raggiera_polimi-eps-converted-to.pdf  used on input line 256.
(pdftex.def)             Requested size: 507.88533pt x 507.88051pt.
 [18

] [19

]
Package epstopdf Info: Source file: <./Images//./raggiera_polimi.eps>
(epstopdf)                    date: 2023-10-27 07:57:56
(epstopdf)                    size: 1813066 bytes
(epstopdf)             Output file: <./Images//./raggiera_polimi-eps-converted-to.pdf>
(epstopdf)                    date: 2023-10-27 14:16:55
(epstopdf)                    size: 40456 bytes
(epstopdf)             Command: <repstopdf --outfile=./Images//./raggiera_polimi-eps-converted-to.pdf ./Images//./raggiera_polimi.eps>
(epstopdf)             \includegraphics on input line 267.
Package epstopdf Info: Output file is already uptodate.
File: ./Images//./raggiera_polimi-eps-converted-to.pdf Graphic file (type pdf)
<use ./Images//./raggiera_polimi-eps-converted-to.pdf>
Package pdftex.def Info: ./Images//./raggiera_polimi-eps-converted-to.pdf  used on input line 267.
(pdftex.def)             Requested size: 507.88533pt x 507.88051pt.
 [20

] [21

]
Package epstopdf Info: Source file: <./Images//./raggiera_polimi.eps>
(epstopdf)                    date: 2023-10-27 07:57:56
(epstopdf)                    size: 1813066 bytes
(epstopdf)             Output file: <./Images//./raggiera_polimi-eps-converted-to.pdf>
(epstopdf)                    date: 2023-10-27 14:16:55
(epstopdf)                    size: 40456 bytes
(epstopdf)             Command: <repstopdf --outfile=./Images//./raggiera_polimi-eps-converted-to.pdf ./Images//./raggiera_polimi.eps>
(epstopdf)             \includegraphics on input line 270.
Package epstopdf Info: Output file is already uptodate.
File: ./Images//./raggiera_polimi-eps-converted-to.pdf Graphic file (type pdf)
<use ./Images//./raggiera_polimi-eps-converted-to.pdf>
Package pdftex.def Info: ./Images//./raggiera_polimi-eps-converted-to.pdf  used on input line 270.
(pdftex.def)             Requested size: 507.88533pt x 507.88051pt.
 [22

]

Package caption Warning: Unused \captionsetup[figure] on input line 11.
See the caption package documentation for explanation.


Package caption Warning: Unused \captionsetup[algorithm] on input line 13.
See the caption package documentation for explanation.

(./Thesis.aux)

LaTeX Warning: Label(s) may have changed. Rerun to get cross-references right.


Package rerunfilecheck Warning: File `Thesis.out' has changed.
(rerunfilecheck)                Rerun to get outlines right
(rerunfilecheck)                or use package `bookmark'.

Package rerunfilecheck Info: Checksums for `Thesis.out':
(rerunfilecheck)             Before: 0123D5CC55F52D702A3A55E261EB7697;2110
(rerunfilecheck)             After:  3D84203B10921848F42509DDEABB3455;2951.
 ) 
Here is how much of TeX's memory you used:
 30161 strings out of 476025
 570527 string characters out of 5790016
 1856388 words of memory out of 5000000
 49977 multiletter control sequences out of 15000+600000
 528098 words of font info for 70 fonts, out of 8000000 for 9000
 1141 hyphenation exceptions out of 8191
 84i,12n,89p,1255b,473s stack positions out of 10000i,1000n,20000p,200000b,200000s
</usr/local/texlive/2023/texmf-dist/fonts/type1/public/amsfonts/cm/cmmi8.pfb></usr/local/texlive/2023/texmf-dist/fonts/type1/public/amsfonts/cm/cmmib10.pfb></usr/local/texlive/2023/texmf-dist/fonts/type1/public/cm-super/sfbx1200.pfb></usr/local/texlive/2023/texmf-dist/fonts/type1/public/cm-super/sfrm1200.pfb></usr/local/texlive/2023/texmf-dist/fonts/type1/public/cm-super/sfrm1728.pfb></usr/local/texlive/2023/texmf-dist/fonts/type1/public/cm-super/sfxc1200.pfb>
Output written on Thesis.pdf (30 pages, 215301 bytes).
PDF statistics:
 303 PDF objects out of 1000 (max. 8388607)
 249 compressed objects within 3 object streams
 67 named destinations out of 1000 (max. 500000)
 157 words of extra memory for PDF output out of 10000 (max. 10000000)

